{"/Users/hieutran/Desktop/Programming/fullstack-submission/part2/notes/src/App.jsx": {"path":"/Users/hieutran/Desktop/Programming/fullstack-submission/part2/notes/src/App.jsx","statementMap":{"0":{"start":{"line":11,"column":12},"end":{"line":156,"column":1}},"1":{"start":{"line":12,"column":42},"end":{"line":12,"column":57}},"2":{"start":{"line":13,"column":28},"end":{"line":13,"column":40}},"3":{"start":{"line":14,"column":32},"end":{"line":14,"column":46}},"4":{"start":{"line":15,"column":42},"end":{"line":15,"column":56}},"5":{"start":{"line":16,"column":34},"end":{"line":16,"column":46}},"6":{"start":{"line":17,"column":34},"end":{"line":17,"column":46}},"7":{"start":{"line":18,"column":26},"end":{"line":18,"column":40}},"8":{"start":{"line":20,"column":2},"end":{"line":24,"column":9}},"9":{"start":{"line":21,"column":4},"end":{"line":23,"column":7}},"10":{"start":{"line":22,"column":6},"end":{"line":22,"column":29}},"11":{"start":{"line":26,"column":2},"end":{"line":33,"column":9}},"12":{"start":{"line":27,"column":27},"end":{"line":27,"column":75}},"13":{"start":{"line":28,"column":4},"end":{"line":32,"column":5}},"14":{"start":{"line":29,"column":19},"end":{"line":29,"column":45}},"15":{"start":{"line":30,"column":6},"end":{"line":30,"column":20}},"16":{"start":{"line":31,"column":6},"end":{"line":31,"column":39}},"17":{"start":{"line":35,"column":22},"end":{"line":35,"column":30}},"18":{"start":{"line":37,"column":19},"end":{"line":41,"column":3}},"19":{"start":{"line":38,"column":4},"end":{"line":40,"column":16}},"20":{"start":{"line":43,"column":18},"end":{"line":48,"column":3}},"21":{"start":{"line":44,"column":4},"end":{"line":44,"column":43}},"22":{"start":{"line":45,"column":4},"end":{"line":47,"column":7}},"23":{"start":{"line":46,"column":6},"end":{"line":46,"column":43}},"24":{"start":{"line":50,"column":29},"end":{"line":68,"column":3}},"25":{"start":{"line":51,"column":17},"end":{"line":51,"column":47}},"26":{"start":{"line":51,"column":35},"end":{"line":51,"column":46}},"27":{"start":{"line":52,"column":24},"end":{"line":52,"column":63}},"28":{"start":{"line":54,"column":4},"end":{"line":54,"column":22}},"29":{"start":{"line":56,"column":4},"end":{"line":67,"column":9}},"30":{"start":{"line":59,"column":8},"end":{"line":59,"column":78}},"31":{"start":{"line":59,"column":38},"end":{"line":59,"column":74}},"32":{"start":{"line":62,"column":8},"end":{"line":62,"column":80}},"33":{"start":{"line":63,"column":8},"end":{"line":65,"column":17}},"34":{"start":{"line":64,"column":10},"end":{"line":64,"column":32}},"35":{"start":{"line":66,"column":8},"end":{"line":66,"column":51}},"36":{"start":{"line":66,"column":37},"end":{"line":66,"column":48}},"37":{"start":{"line":75,"column":22},"end":{"line":94,"column":3}},"38":{"start":{"line":76,"column":4},"end":{"line":76,"column":27}},"39":{"start":{"line":77,"column":4},"end":{"line":77,"column":56}},"40":{"start":{"line":78,"column":4},"end":{"line":93,"column":5}},"41":{"start":{"line":79,"column":19},"end":{"line":82,"column":8}},"42":{"start":{"line":83,"column":6},"end":{"line":83,"column":77}},"43":{"start":{"line":84,"column":6},"end":{"line":84,"column":39}},"44":{"start":{"line":85,"column":6},"end":{"line":85,"column":20}},"45":{"start":{"line":86,"column":6},"end":{"line":86,"column":22}},"46":{"start":{"line":87,"column":6},"end":{"line":87,"column":22}},"47":{"start":{"line":89,"column":6},"end":{"line":89,"column":43}},"48":{"start":{"line":90,"column":6},"end":{"line":92,"column":15}},"49":{"start":{"line":91,"column":8},"end":{"line":91,"column":30}},"50":{"start":{"line":96,"column":23},"end":{"line":100,"column":3}},"51":{"start":{"line":97,"column":4},"end":{"line":97,"column":27}},"52":{"start":{"line":98,"column":4},"end":{"line":98,"column":78}},"53":{"start":{"line":99,"column":4},"end":{"line":99,"column":31}},"54":{"start":{"line":102,"column":20},"end":{"line":123,"column":3}},"55":{"start":{"line":103,"column":28},"end":{"line":103,"column":67}},"56":{"start":{"line":104,"column":28},"end":{"line":104,"column":67}},"57":{"start":{"line":106,"column":4},"end":{"line":122,"column":6}},"58":{"start":{"line":109,"column":33},"end":{"line":109,"column":54}},"59":{"start":{"line":115,"column":50},"end":{"line":115,"column":75}},"60":{"start":{"line":116,"column":50},"end":{"line":116,"column":75}},"61":{"start":{"line":119,"column":33},"end":{"line":119,"column":55}},"62":{"start":{"line":125,"column":21},"end":{"line":125,"column":77}},"63":{"start":{"line":125,"column":62},"end":{"line":125,"column":76}},"64":{"start":{"line":127,"column":2},"end":{"line":155,"column":4}},"65":{"start":{"line":140,"column":31},"end":{"line":140,"column":51}},"66":{"start":{"line":146,"column":10},"end":{"line":150,"column":18}},"67":{"start":{"line":149,"column":36},"end":{"line":149,"column":63}}},"fnMap":{"0":{"name":"(anonymous_0)","decl":{"start":{"line":11,"column":12},"end":{"line":11,"column":13}},"loc":{"start":{"line":11,"column":18},"end":{"line":156,"column":1}},"line":11},"1":{"name":"(anonymous_1)","decl":{"start":{"line":20,"column":12},"end":{"line":20,"column":13}},"loc":{"start":{"line":20,"column":18},"end":{"line":24,"column":3}},"line":20},"2":{"name":"(anonymous_2)","decl":{"start":{"line":21,"column":30},"end":{"line":21,"column":31}},"loc":{"start":{"line":21,"column":48},"end":{"line":23,"column":5}},"line":21},"3":{"name":"(anonymous_3)","decl":{"start":{"line":26,"column":12},"end":{"line":26,"column":13}},"loc":{"start":{"line":26,"column":18},"end":{"line":33,"column":3}},"line":26},"4":{"name":"(anonymous_4)","decl":{"start":{"line":37,"column":19},"end":{"line":37,"column":20}},"loc":{"start":{"line":38,"column":4},"end":{"line":40,"column":16}},"line":38},"5":{"name":"(anonymous_5)","decl":{"start":{"line":43,"column":18},"end":{"line":43,"column":19}},"loc":{"start":{"line":43,"column":34},"end":{"line":48,"column":3}},"line":43},"6":{"name":"(anonymous_6)","decl":{"start":{"line":45,"column":40},"end":{"line":45,"column":41}},"loc":{"start":{"line":45,"column":58},"end":{"line":47,"column":5}},"line":45},"7":{"name":"(anonymous_7)","decl":{"start":{"line":50,"column":29},"end":{"line":50,"column":30}},"loc":{"start":{"line":50,"column":37},"end":{"line":68,"column":3}},"line":50},"8":{"name":"(anonymous_8)","decl":{"start":{"line":51,"column":28},"end":{"line":51,"column":29}},"loc":{"start":{"line":51,"column":35},"end":{"line":51,"column":46}},"line":51},"9":{"name":"(anonymous_9)","decl":{"start":{"line":58,"column":12},"end":{"line":58,"column":13}},"loc":{"start":{"line":58,"column":30},"end":{"line":60,"column":7}},"line":58},"10":{"name":"(anonymous_10)","decl":{"start":{"line":59,"column":27},"end":{"line":59,"column":28}},"loc":{"start":{"line":59,"column":38},"end":{"line":59,"column":74}},"line":59},"11":{"name":"(anonymous_11)","decl":{"start":{"line":61,"column":13},"end":{"line":61,"column":14}},"loc":{"start":{"line":61,"column":19},"end":{"line":67,"column":7}},"line":61},"12":{"name":"(anonymous_12)","decl":{"start":{"line":63,"column":19},"end":{"line":63,"column":20}},"loc":{"start":{"line":63,"column":25},"end":{"line":65,"column":9}},"line":63},"13":{"name":"(anonymous_13)","decl":{"start":{"line":66,"column":30},"end":{"line":66,"column":31}},"loc":{"start":{"line":66,"column":37},"end":{"line":66,"column":48}},"line":66},"14":{"name":"(anonymous_14)","decl":{"start":{"line":75,"column":22},"end":{"line":75,"column":23}},"loc":{"start":{"line":75,"column":39},"end":{"line":94,"column":3}},"line":75},"15":{"name":"(anonymous_15)","decl":{"start":{"line":90,"column":17},"end":{"line":90,"column":18}},"loc":{"start":{"line":90,"column":23},"end":{"line":92,"column":7}},"line":90},"16":{"name":"(anonymous_16)","decl":{"start":{"line":96,"column":23},"end":{"line":96,"column":24}},"loc":{"start":{"line":96,"column":40},"end":{"line":100,"column":3}},"line":96},"17":{"name":"(anonymous_17)","decl":{"start":{"line":102,"column":20},"end":{"line":102,"column":21}},"loc":{"start":{"line":102,"column":26},"end":{"line":123,"column":3}},"line":102},"18":{"name":"(anonymous_18)","decl":{"start":{"line":109,"column":27},"end":{"line":109,"column":28}},"loc":{"start":{"line":109,"column":33},"end":{"line":109,"column":54}},"line":109},"19":{"name":"(anonymous_19)","decl":{"start":{"line":115,"column":34},"end":{"line":115,"column":35}},"loc":{"start":{"line":115,"column":50},"end":{"line":115,"column":75}},"line":115},"20":{"name":"(anonymous_20)","decl":{"start":{"line":116,"column":34},"end":{"line":116,"column":35}},"loc":{"start":{"line":116,"column":50},"end":{"line":116,"column":75}},"line":116},"21":{"name":"(anonymous_21)","decl":{"start":{"line":119,"column":27},"end":{"line":119,"column":28}},"loc":{"start":{"line":119,"column":33},"end":{"line":119,"column":55}},"line":119},"22":{"name":"(anonymous_22)","decl":{"start":{"line":125,"column":52},"end":{"line":125,"column":53}},"loc":{"start":{"line":125,"column":62},"end":{"line":125,"column":76}},"line":125},"23":{"name":"(anonymous_23)","decl":{"start":{"line":140,"column":25},"end":{"line":140,"column":26}},"loc":{"start":{"line":140,"column":31},"end":{"line":140,"column":51}},"line":140},"24":{"name":"(anonymous_24)","decl":{"start":{"line":145,"column":24},"end":{"line":145,"column":25}},"loc":{"start":{"line":146,"column":10},"end":{"line":150,"column":18}},"line":146},"25":{"name":"(anonymous_25)","decl":{"start":{"line":149,"column":30},"end":{"line":149,"column":31}},"loc":{"start":{"line":149,"column":36},"end":{"line":149,"column":63}},"line":149}},"branchMap":{"0":{"loc":{"start":{"line":28,"column":4},"end":{"line":32,"column":5}},"type":"if","locations":[{"start":{"line":28,"column":4},"end":{"line":32,"column":5}},{"start":{},"end":{}}],"line":28},"1":{"loc":{"start":{"line":59,"column":38},"end":{"line":59,"column":74}},"type":"cond-expr","locations":[{"start":{"line":59,"column":55},"end":{"line":59,"column":59}},{"start":{"line":59,"column":62},"end":{"line":59,"column":74}}],"line":59},"2":{"loc":{"start":{"line":103,"column":39},"end":{"line":103,"column":65}},"type":"cond-expr","locations":[{"start":{"line":103,"column":54},"end":{"line":103,"column":60}},{"start":{"line":103,"column":63},"end":{"line":103,"column":65}}],"line":103},"3":{"loc":{"start":{"line":104,"column":39},"end":{"line":104,"column":65}},"type":"cond-expr","locations":[{"start":{"line":104,"column":54},"end":{"line":104,"column":56}},{"start":{"line":104,"column":59},"end":{"line":104,"column":65}}],"line":104},"4":{"loc":{"start":{"line":125,"column":21},"end":{"line":125,"column":77}},"type":"cond-expr","locations":[{"start":{"line":125,"column":31},"end":{"line":125,"column":36}},{"start":{"line":125,"column":39},"end":{"line":125,"column":77}}],"line":125},"5":{"loc":{"start":{"line":131,"column":7},"end":{"line":131,"column":27}},"type":"binary-expr","locations":[{"start":{"line":131,"column":7},"end":{"line":131,"column":12}},{"start":{"line":131,"column":16},"end":{"line":131,"column":27}}],"line":131},"6":{"loc":{"start":{"line":132,"column":7},"end":{"line":138,"column":7}},"type":"binary-expr","locations":[{"start":{"line":132,"column":7},"end":{"line":132,"column":11}},{"start":{"line":133,"column":8},"end":{"line":137,"column":14}}],"line":132},"7":{"loc":{"start":{"line":141,"column":16},"end":{"line":141,"column":45}},"type":"cond-expr","locations":[{"start":{"line":141,"column":26},"end":{"line":141,"column":37}},{"start":{"line":141,"column":40},"end":{"line":141,"column":45}}],"line":141}},"s":{"0":0,"1":0,"2":0,"3":0,"4":0,"5":0,"6":0,"7":0,"8":0,"9":0,"10":0,"11":0,"12":0,"13":0,"14":0,"15":0,"16":0,"17":0,"18":0,"19":0,"20":0,"21":0,"22":0,"23":0,"24":0,"25":0,"26":0,"27":0,"28":0,"29":0,"30":0,"31":0,"32":0,"33":0,"34":0,"35":0,"36":0,"37":0,"38":0,"39":0,"40":0,"41":0,"42":0,"43":0,"44":0,"45":0,"46":0,"47":0,"48":0,"49":0,"50":0,"51":0,"52":0,"53":0,"54":0,"55":0,"56":0,"57":0,"58":0,"59":0,"60":0,"61":0,"62":0,"63":0,"64":0,"65":0,"66":0,"67":0},"f":{"0":0,"1":0,"2":0,"3":0,"4":0,"5":0,"6":0,"7":0,"8":0,"9":0,"10":0,"11":0,"12":0,"13":0,"14":0,"15":0,"16":0,"17":0,"18":0,"19":0,"20":0,"21":0,"22":0,"23":0,"24":0,"25":0},"b":{"0":[0,0],"1":[0,0],"2":[0,0],"3":[0,0],"4":[0,0],"5":[0,0],"6":[0,0],"7":[0,0]}}
,"/Users/hieutran/Desktop/Programming/fullstack-submission/part2/notes/src/main.jsx": {"path":"/Users/hieutran/Desktop/Programming/fullstack-submission/part2/notes/src/main.jsx","statementMap":{"0":{"start":{"line":5,"column":0},"end":{"line":5,"column":69}}},"fnMap":{},"branchMap":{},"s":{"0":0},"f":{},"b":{}}
,"/Users/hieutran/Desktop/Programming/fullstack-submission/part2/notes/src/components/Footer.jsx": {"path":"/Users/hieutran/Desktop/Programming/fullstack-submission/part2/notes/src/components/Footer.jsx","statementMap":{"0":{"start":{"line":1,"column":15},"end":{"line":16,"column":1}},"1":{"start":{"line":2,"column":22},"end":{"line":6,"column":3}},"2":{"start":{"line":7,"column":2},"end":{"line":15,"column":4}}},"fnMap":{"0":{"name":"(anonymous_0)","decl":{"start":{"line":1,"column":15},"end":{"line":1,"column":16}},"loc":{"start":{"line":1,"column":21},"end":{"line":16,"column":1}},"line":1}},"branchMap":{},"s":{"0":0,"1":0,"2":0},"f":{"0":0},"b":{}}
,"/Users/hieutran/Desktop/Programming/fullstack-submission/part2/notes/src/components/LoginForm.jsx": {"path":"/Users/hieutran/Desktop/Programming/fullstack-submission/part2/notes/src/components/LoginForm.jsx","statementMap":{"0":{"start":{"line":3,"column":18},"end":{"line":27,"column":1}},"1":{"start":{"line":10,"column":2},"end":{"line":26,"column":4}},"2":{"start":{"line":29,"column":0},"end":{"line":35,"column":2}}},"fnMap":{"0":{"name":"(anonymous_0)","decl":{"start":{"line":3,"column":18},"end":{"line":3,"column":19}},"loc":{"start":{"line":9,"column":6},"end":{"line":27,"column":1}},"line":9}},"branchMap":{},"s":{"0":0,"1":0,"2":0},"f":{"0":0},"b":{}}
,"/Users/hieutran/Desktop/Programming/fullstack-submission/part2/notes/src/components/Note.jsx": {"path":"/Users/hieutran/Desktop/Programming/fullstack-submission/part2/notes/src/components/Note.jsx","statementMap":{"0":{"start":{"line":1,"column":13},"end":{"line":9,"column":1}},"1":{"start":{"line":2,"column":16},"end":{"line":2,"column":72}},"2":{"start":{"line":3,"column":2},"end":{"line":8,"column":4}}},"fnMap":{"0":{"name":"(anonymous_0)","decl":{"start":{"line":1,"column":13},"end":{"line":1,"column":14}},"loc":{"start":{"line":1,"column":45},"end":{"line":9,"column":1}},"line":1}},"branchMap":{"0":{"loc":{"start":{"line":2,"column":16},"end":{"line":2,"column":72}},"type":"cond-expr","locations":[{"start":{"line":2,"column":33},"end":{"line":2,"column":53}},{"start":{"line":2,"column":56},"end":{"line":2,"column":72}}],"line":2}},"s":{"0":1,"1":3,"2":3},"f":{"0":3},"b":{"0":[3,0]},"_coverageSchema":"1a1c01bbd47fc00a2c39e90264f33305004495a9","hash":"dc004cd5c8009e6ba6d9eb58c23ab7b0e44e92aa"}
,"/Users/hieutran/Desktop/Programming/fullstack-submission/part2/notes/src/components/NoteForm.jsx": {"path":"/Users/hieutran/Desktop/Programming/fullstack-submission/part2/notes/src/components/NoteForm.jsx","statementMap":{"0":{"start":{"line":3,"column":17},"end":{"line":32,"column":1}},"1":{"start":{"line":4,"column":32},"end":{"line":4,"column":44}},"2":{"start":{"line":6,"column":18},"end":{"line":13,"column":3}},"3":{"start":{"line":7,"column":4},"end":{"line":7,"column":27}},"4":{"start":{"line":8,"column":4},"end":{"line":11,"column":7}},"5":{"start":{"line":12,"column":4},"end":{"line":12,"column":19}},"6":{"start":{"line":15,"column":2},"end":{"line":31,"column":4}},"7":{"start":{"line":21,"column":31},"end":{"line":21,"column":61}},"8":{"start":{"line":26,"column":31},"end":{"line":26,"column":61}}},"fnMap":{"0":{"name":"(anonymous_0)","decl":{"start":{"line":3,"column":17},"end":{"line":3,"column":18}},"loc":{"start":{"line":3,"column":37},"end":{"line":32,"column":1}},"line":3},"1":{"name":"(anonymous_1)","decl":{"start":{"line":6,"column":18},"end":{"line":6,"column":19}},"loc":{"start":{"line":6,"column":29},"end":{"line":13,"column":3}},"line":6},"2":{"name":"(anonymous_2)","decl":{"start":{"line":21,"column":20},"end":{"line":21,"column":21}},"loc":{"start":{"line":21,"column":31},"end":{"line":21,"column":61}},"line":21},"3":{"name":"(anonymous_3)","decl":{"start":{"line":26,"column":20},"end":{"line":26,"column":21}},"loc":{"start":{"line":26,"column":31},"end":{"line":26,"column":61}},"line":26}},"branchMap":{},"s":{"0":1,"1":19,"2":19,"3":1,"4":1,"5":1,"6":19,"7":17,"8":0},"f":{"0":19,"1":1,"2":17,"3":0},"b":{},"_coverageSchema":"1a1c01bbd47fc00a2c39e90264f33305004495a9","hash":"df40b754e5000d53d4a238153fec0bbb66b5e116"}
,"/Users/hieutran/Desktop/Programming/fullstack-submission/part2/notes/src/components/Notification.jsx": {"path":"/Users/hieutran/Desktop/Programming/fullstack-submission/part2/notes/src/components/Notification.jsx","statementMap":{"0":{"start":{"line":1,"column":21},"end":{"line":7,"column":1}},"1":{"start":{"line":2,"column":2},"end":{"line":4,"column":3}},"2":{"start":{"line":3,"column":4},"end":{"line":3,"column":16}},"3":{"start":{"line":6,"column":2},"end":{"line":6,"column":48}}},"fnMap":{"0":{"name":"(anonymous_0)","decl":{"start":{"line":1,"column":21},"end":{"line":1,"column":22}},"loc":{"start":{"line":1,"column":38},"end":{"line":7,"column":1}},"line":1}},"branchMap":{"0":{"loc":{"start":{"line":2,"column":2},"end":{"line":4,"column":3}},"type":"if","locations":[{"start":{"line":2,"column":2},"end":{"line":4,"column":3}},{"start":{},"end":{}}],"line":2}},"s":{"0":0,"1":0,"2":0,"3":0},"f":{"0":0},"b":{"0":[0,0]}}
,"/Users/hieutran/Desktop/Programming/fullstack-submission/part2/notes/src/components/Togglable.jsx": {"path":"/Users/hieutran/Desktop/Programming/fullstack-submission/part2/notes/src/components/Togglable.jsx","statementMap":{"0":{"start":{"line":4,"column":18},"end":{"line":31,"column":2}},"1":{"start":{"line":5,"column":32},"end":{"line":5,"column":47}},"2":{"start":{"line":7,"column":26},"end":{"line":7,"column":60}},"3":{"start":{"line":8,"column":26},"end":{"line":8,"column":60}},"4":{"start":{"line":10,"column":27},"end":{"line":12,"column":3}},"5":{"start":{"line":11,"column":4},"end":{"line":11,"column":25}},"6":{"start":{"line":14,"column":2},"end":{"line":18,"column":5}},"7":{"start":{"line":15,"column":4},"end":{"line":17,"column":6}},"8":{"start":{"line":20,"column":2},"end":{"line":30,"column":4}},"9":{"start":{"line":33,"column":0},"end":{"line":33,"column":36}},"10":{"start":{"line":35,"column":0},"end":{"line":37,"column":2}}},"fnMap":{"0":{"name":"(anonymous_0)","decl":{"start":{"line":4,"column":29},"end":{"line":4,"column":30}},"loc":{"start":{"line":4,"column":46},"end":{"line":31,"column":1}},"line":4},"1":{"name":"(anonymous_1)","decl":{"start":{"line":10,"column":27},"end":{"line":10,"column":28}},"loc":{"start":{"line":10,"column":33},"end":{"line":12,"column":3}},"line":10},"2":{"name":"(anonymous_2)","decl":{"start":{"line":14,"column":28},"end":{"line":14,"column":29}},"loc":{"start":{"line":14,"column":34},"end":{"line":18,"column":3}},"line":14}},"branchMap":{"0":{"loc":{"start":{"line":7,"column":37},"end":{"line":7,"column":58}},"type":"cond-expr","locations":[{"start":{"line":7,"column":47},"end":{"line":7,"column":53}},{"start":{"line":7,"column":56},"end":{"line":7,"column":58}}],"line":7},"1":{"loc":{"start":{"line":8,"column":37},"end":{"line":8,"column":58}},"type":"cond-expr","locations":[{"start":{"line":8,"column":47},"end":{"line":8,"column":49}},{"start":{"line":8,"column":52},"end":{"line":8,"column":58}}],"line":8}},"s":{"0":1,"1":5,"2":5,"3":5,"4":5,"5":1,"6":5,"7":0,"8":5,"9":1,"10":1},"f":{"0":5,"1":1,"2":0},"b":{"0":[1,4],"1":[1,4]},"_coverageSchema":"1a1c01bbd47fc00a2c39e90264f33305004495a9","hash":"d87fca7f2d3355a58ac1425a82f93ae081207ffc"}
,"/Users/hieutran/Desktop/Programming/fullstack-submission/part2/notes/src/services/login.js": {"path":"/Users/hieutran/Desktop/Programming/fullstack-submission/part2/notes/src/services/login.js","statementMap":{"0":{"start":{"line":2,"column":16},"end":{"line":2,"column":28}},"1":{"start":{"line":4,"column":14},"end":{"line":7,"column":1}},"2":{"start":{"line":5,"column":19},"end":{"line":5,"column":57}},"3":{"start":{"line":6,"column":2},"end":{"line":6,"column":23}}},"fnMap":{"0":{"name":"(anonymous_0)","decl":{"start":{"line":4,"column":14},"end":{"line":4,"column":15}},"loc":{"start":{"line":4,"column":37},"end":{"line":7,"column":1}},"line":4}},"branchMap":{},"s":{"0":0,"1":0,"2":0,"3":0},"f":{"0":0},"b":{}}
,"/Users/hieutran/Desktop/Programming/fullstack-submission/part2/notes/src/services/notes.js": {"path":"/Users/hieutran/Desktop/Programming/fullstack-submission/part2/notes/src/services/notes.js","statementMap":{"0":{"start":{"line":2,"column":16},"end":{"line":2,"column":28}},"1":{"start":{"line":4,"column":12},"end":{"line":4,"column":16}},"2":{"start":{"line":6,"column":17},"end":{"line":8,"column":1}},"3":{"start":{"line":7,"column":2},"end":{"line":7,"column":31}},"4":{"start":{"line":10,"column":15},"end":{"line":13,"column":1}},"5":{"start":{"line":11,"column":18},"end":{"line":11,"column":36}},"6":{"start":{"line":12,"column":2},"end":{"line":12,"column":51}},"7":{"start":{"line":12,"column":36},"end":{"line":12,"column":49}},"8":{"start":{"line":15,"column":15},"end":{"line":21,"column":1}},"9":{"start":{"line":16,"column":17},"end":{"line":18,"column":3}},"10":{"start":{"line":19,"column":19},"end":{"line":19,"column":63}},"11":{"start":{"line":20,"column":2},"end":{"line":20,"column":23}},"12":{"start":{"line":23,"column":15},"end":{"line":26,"column":1}},"13":{"start":{"line":24,"column":18},"end":{"line":24,"column":58}},"14":{"start":{"line":25,"column":2},"end":{"line":25,"column":51}},"15":{"start":{"line":25,"column":36},"end":{"line":25,"column":49}}},"fnMap":{"0":{"name":"(anonymous_0)","decl":{"start":{"line":6,"column":17},"end":{"line":6,"column":18}},"loc":{"start":{"line":6,"column":31},"end":{"line":8,"column":1}},"line":6},"1":{"name":"(anonymous_1)","decl":{"start":{"line":10,"column":15},"end":{"line":10,"column":16}},"loc":{"start":{"line":10,"column":21},"end":{"line":13,"column":1}},"line":10},"2":{"name":"(anonymous_2)","decl":{"start":{"line":12,"column":22},"end":{"line":12,"column":23}},"loc":{"start":{"line":12,"column":36},"end":{"line":12,"column":49}},"line":12},"3":{"name":"(anonymous_3)","decl":{"start":{"line":15,"column":15},"end":{"line":15,"column":16}},"loc":{"start":{"line":15,"column":36},"end":{"line":21,"column":1}},"line":15},"4":{"name":"(anonymous_4)","decl":{"start":{"line":23,"column":15},"end":{"line":23,"column":16}},"loc":{"start":{"line":23,"column":34},"end":{"line":26,"column":1}},"line":23},"5":{"name":"(anonymous_5)","decl":{"start":{"line":25,"column":22},"end":{"line":25,"column":23}},"loc":{"start":{"line":25,"column":36},"end":{"line":25,"column":49}},"line":25}},"branchMap":{},"s":{"0":0,"1":0,"2":0,"3":0,"4":0,"5":0,"6":0,"7":0,"8":0,"9":0,"10":0,"11":0,"12":0,"13":0,"14":0,"15":0},"f":{"0":0,"1":0,"2":0,"3":0,"4":0,"5":0},"b":{}}
}
